app/build/intermediates/manifest_merge_blame_file/debug/manifest-merger-blame-debug-report.txt
1<?xml version="1.0" encoding="utf-8"?>
2<manifest xmlns:android="http://schemas.android.com/apk/res/android"
3    package="com.example.firebaseopet"
4    android:versionCode="1"
5    android:versionName="1.0" >
6
7    <uses-sdk
8        android:minSdkVersion="23"
8-->src\main\AndroidManifest.xml
9        android:targetSdkVersion="29" />
9-->src\main\AndroidManifest.xml
10
11    <application
11-->src\main\AndroidManifest.xml:5:5-21:19
12        android:allowBackup="true"
12-->src\main\AndroidManifest.xml:6:9-35
13        android:appComponentFactory="androidx.core.app.CoreComponentFactory"
13-->[androidx.core:core:1.1.0] AndroidManifest.xml:24:18-86
14        android:debuggable="true"
15        android:extractNativeLibs="false"
16        android:icon="@mipmap/ic_launcher"
16-->src\main\AndroidManifest.xml:7:9-43
17        android:label="@string/app_name"
17-->src\main\AndroidManifest.xml:8:9-41
18        android:roundIcon="@mipmap/ic_launcher_round"
18-->src\main\AndroidManifest.xml:9:9-54
19        android:supportsRtl="true"
19-->src\main\AndroidManifest.xml:10:9-35
20        android:testOnly="true"
21        android:theme="@style/AppTheme" >
21-->src\main\AndroidManifest.xml:11:9-40
22        <activity android:name="com.example.firebaseopet.CreateUserActivity" />
22-->src\main\AndroidManifest.xml:12:9-65
22-->src\main\AndroidManifest.xml:12:19-53
23        <activity android:name="com.example.firebaseopet.DashActivity" />
23-->src\main\AndroidManifest.xml:13:9-50
23-->src\main\AndroidManifest.xml:13:19-47
24        <activity android:name="com.example.firebaseopet.MainActivity" >
24-->src\main\AndroidManifest.xml:14:9-20:20
24-->src\main\AndroidManifest.xml:14:19-47
25            <intent-filter>
25-->src\main\AndroidManifest.xml:15:13-19:29
26                <action android:name="android.intent.action.MAIN" />
26-->src\main\AndroidManifest.xml:16:17-69
26-->src\main\AndroidManifest.xml:16:25-66
27
28                <category android:name="android.intent.category.LAUNCHER" />
28-->src\main\AndroidManifest.xml:18:17-77
28-->src\main\AndroidManifest.xml:18:27-74
29            </intent-filter>
30        </activity>
31        <activity
31-->[com.google.firebase:firebase-auth:16.0.5] AndroidManifest.xml:24:9-31:50
32            android:name="com.google.firebase.auth.internal.FederatedSignInActivity"
32-->[com.google.firebase:firebase-auth:16.0.5] AndroidManifest.xml:25:13-85
33            android:excludeFromRecents="true"
33-->[com.google.firebase:firebase-auth:16.0.5] AndroidManifest.xml:26:13-46
34            android:exported="true"
34-->[com.google.firebase:firebase-auth:16.0.5] AndroidManifest.xml:27:13-36
35            android:launchMode="singleTask"
35-->[com.google.firebase:firebase-auth:16.0.5] AndroidManifest.xml:28:13-44
36            android:permission="com.google.firebase.auth.api.gms.permission.LAUNCH_FEDERATED_SIGN_IN"
36-->[com.google.firebase:firebase-auth:16.0.5] AndroidManifest.xml:29:13-102
37            android:theme="@android:style/Theme.Translucent.NoTitleBar" />
37-->[com.google.firebase:firebase-auth:16.0.5] AndroidManifest.xml:30:13-72
38
39        <service
39-->[com.google.firebase:firebase-auth:16.0.5] AndroidManifest.xml:33:9-39:19
40            android:name="com.google.firebase.components.ComponentDiscoveryService"
40-->[com.google.firebase:firebase-auth:16.0.5] AndroidManifest.xml:34:13-84
41            android:exported="false" >
41-->[com.google.firebase:firebase-auth:16.0.5] AndroidManifest.xml:35:13-37
42            <meta-data
42-->[com.google.firebase:firebase-auth:16.0.5] AndroidManifest.xml:36:13-38:85
43                android:name="com.google.firebase.components:com.google.firebase.auth.FirebaseAuthRegistrar"
43-->[com.google.firebase:firebase-auth:16.0.5] AndroidManifest.xml:37:17-109
44                android:value="com.google.firebase.components.ComponentRegistrar" />
44-->[com.google.firebase:firebase-auth:16.0.5] AndroidManifest.xml:38:17-82
45        </service>
46
47        <activity
47-->[com.google.android.gms:play-services-base:16.0.1] AndroidManifest.xml:23:9-26:75
48            android:name="com.google.android.gms.common.api.GoogleApiActivity"
48-->[com.google.android.gms:play-services-base:16.0.1] AndroidManifest.xml:24:13-79
49            android:exported="false"
49-->[com.google.android.gms:play-services-base:16.0.1] AndroidManifest.xml:25:13-37
50            android:theme="@android:style/Theme.Translucent.NoTitleBar" />
50-->[com.google.android.gms:play-services-base:16.0.1] AndroidManifest.xml:26:13-72
51
52        <provider
52-->[com.google.firebase:firebase-common:16.0.3] AndroidManifest.xml:10:9-14:39
53            android:name="com.google.firebase.provider.FirebaseInitProvider"
53-->[com.google.firebase:firebase-common:16.0.3] AndroidManifest.xml:11:13-77
54            android:authorities="com.example.firebaseopet.firebaseinitprovider"
54-->[com.google.firebase:firebase-common:16.0.3] AndroidManifest.xml:12:13-72
55            android:exported="false"
55-->[com.google.firebase:firebase-common:16.0.3] AndroidManifest.xml:13:13-37
56            android:initOrder="100" />
56-->[com.google.firebase:firebase-common:16.0.3] AndroidManifest.xml:14:13-36
57
58        <meta-data
58-->[com.google.android.gms:play-services-basement:16.1.0] AndroidManifest.xml:23:9-25:69
59            android:name="com.google.android.gms.version"
59-->[com.google.android.gms:play-services-basement:16.1.0] AndroidManifest.xml:24:13-58
60            android:value="@integer/google_play_services_version" />
60-->[com.google.android.gms:play-services-basement:16.1.0] AndroidManifest.xml:25:13-66
61    </application>
62
63</manifest>